c:\users\simon\onedrive\documents\githublocal\gameengine\networkingexample\client\x64\debug\vc143.pdb
c:\users\simon\onedrive\documents\githublocal\gameengine\networkingexample\client\x64\debug\vc143.idb
c:\users\simon\onedrive\documents\githublocal\gameengine\networkingexample\client\x64\debug\client.obj
c:\users\simon\onedrive\documents\githublocal\gameengine\networkingexample\multiplayerexample\x64\debug\client.exe
c:\users\simon\onedrive\documents\githublocal\gameengine\networkingexample\multiplayerexample\x64\debug\client.pdb
c:\users\simon\onedrive\documents\githublocal\gameengine\networkingexample\client\x64\debug\client.ilk
c:\users\simon\onedrive\documents\githublocal\gameengine\multiplayergame\client\x64\debug\client.obj
c:\users\simon\onedrive\documents\githublocal\gameengine\multiplayergame\client\x64\debug\client.ilk
c:\users\simon\onedrive\documents\githublocal\gameengine\multiplayergame\client\x64\debug\vc143.idb
c:\users\simon\onedrive\documents\githublocal\gameengine\multiplayergame\client\x64\debug\vc143.pdb
c:\users\simon\onedrive\documents\githublocal\gameengine\multiplayergame\multiplayerexample\x64\debug\client.pdb
c:\users\simon\onedrive\documents\githublocal\gameengine\multiplayergame\multiplayerexample\x64\debug\client.exe
c:\users\simon\onedrive\documents\githublocal\gameengine\multiplayergame\client\x64\debug\client.tlog\cl.command.1.tlog
c:\users\simon\onedrive\documents\githublocal\gameengine\multiplayergame\client\x64\debug\client.tlog\cl.items.tlog
c:\users\simon\onedrive\documents\githublocal\gameengine\multiplayergame\client\x64\debug\client.tlog\cl.read.1.tlog
c:\users\simon\onedrive\documents\githublocal\gameengine\multiplayergame\client\x64\debug\client.tlog\cl.write.1.tlog
c:\users\simon\onedrive\documents\githublocal\gameengine\multiplayergame\client\x64\debug\client.tlog\link.command.1.tlog
c:\users\simon\onedrive\documents\githublocal\gameengine\multiplayergame\client\x64\debug\client.tlog\link.read.1.tlog
c:\users\simon\onedrive\documents\githublocal\gameengine\multiplayergame\client\x64\debug\client.tlog\link.secondary.1.tlog
c:\users\simon\onedrive\documents\githublocal\gameengine\multiplayergame\client\x64\debug\client.tlog\link.write.1.tlog
