c:\users\simon\onedrive\documents\githublocal\gameengine\networkingexample\multiplayerexample\scopeengine\x64\debug\vc143.pdb
c:\users\simon\onedrive\documents\githublocal\gameengine\networkingexample\multiplayerexample\scopeengine\x64\debug\vc143.idb
c:\users\simon\onedrive\documents\githublocal\gameengine\networkingexample\multiplayerexample\scopeengine\x64\debug\main.obj
c:\users\simon\onedrive\documents\githublocal\gameengine\networkingexample\multiplayerexample\x64\debug\scopeengine.exe
c:\users\simon\onedrive\documents\githublocal\gameengine\networkingexample\multiplayerexample\x64\debug\scopeengine.pdb
c:\users\simon\onedrive\documents\githublocal\gameengine\networkingexample\multiplayerexample\scopeengine\x64\debug\scopeengine.ilk
c:\users\simon\onedrive\documents\githublocal\gameengine\multiplayergame\multiplayerexample\scopeengine\x64\debug\main.obj
c:\users\simon\onedrive\documents\githublocal\gameengine\multiplayergame\multiplayerexample\scopeengine\x64\debug\scopeengine.ilk
c:\users\simon\onedrive\documents\githublocal\gameengine\multiplayergame\multiplayerexample\scopeengine\x64\debug\vc143.idb
c:\users\simon\onedrive\documents\githublocal\gameengine\multiplayergame\multiplayerexample\scopeengine\x64\debug\vc143.pdb
c:\users\simon\onedrive\documents\githublocal\gameengine\multiplayergame\multiplayerexample\x64\debug\scopeengine.pdb
c:\users\simon\onedrive\documents\githublocal\gameengine\multiplayergame\multiplayerexample\x64\debug\scopeengine.exe
c:\users\simon\onedrive\documents\githublocal\gameengine\multiplayergame\multiplayerexample\scopeengine\x64\debug\scopeengine.tlog\cl.command.1.tlog
c:\users\simon\onedrive\documents\githublocal\gameengine\multiplayergame\multiplayerexample\scopeengine\x64\debug\scopeengine.tlog\cl.items.tlog
c:\users\simon\onedrive\documents\githublocal\gameengine\multiplayergame\multiplayerexample\scopeengine\x64\debug\scopeengine.tlog\cl.read.1.tlog
c:\users\simon\onedrive\documents\githublocal\gameengine\multiplayergame\multiplayerexample\scopeengine\x64\debug\scopeengine.tlog\cl.write.1.tlog
c:\users\simon\onedrive\documents\githublocal\gameengine\multiplayergame\multiplayerexample\scopeengine\x64\debug\scopeengine.tlog\link.command.1.tlog
c:\users\simon\onedrive\documents\githublocal\gameengine\multiplayergame\multiplayerexample\scopeengine\x64\debug\scopeengine.tlog\link.read.1.tlog
c:\users\simon\onedrive\documents\githublocal\gameengine\multiplayergame\multiplayerexample\scopeengine\x64\debug\scopeengine.tlog\link.secondary.1.tlog
c:\users\simon\onedrive\documents\githublocal\gameengine\multiplayergame\multiplayerexample\scopeengine\x64\debug\scopeengine.tlog\link.write.1.tlog
