c:\users\simon\onedrive\documents\githublocal\gameengine\networkingexample\bulletphysics\battlefr.a0426d0c\x64\debug\vc143.pdb
c:\users\simon\onedrive\documents\githublocal\gameengine\networkingexample\bulletphysics\battlefr.a0426d0c\x64\debug\vc143.idb
c:\users\simon\onedrive\documents\githublocal\gameengine\networkingexample\bulletphysics\battlefr.a0426d0c\x64\debug\lodmanager.obj
c:\users\simon\onedrive\documents\githublocal\gameengine\networkingexample\bulletphysics\battlefr.a0426d0c\x64\debug\lightingtechnique.obj
c:\users\simon\onedrive\documents\githublocal\gameengine\networkingexample\bulletphysics\battlefr.a0426d0c\x64\debug\imgui_widgets.obj
c:\users\simon\onedrive\documents\githublocal\gameengine\networkingexample\bulletphysics\battlefr.a0426d0c\x64\debug\imgui_tables.obj
c:\users\simon\onedrive\documents\githublocal\gameengine\networkingexample\bulletphysics\battlefr.a0426d0c\x64\debug\imgui_impl_opengl3.obj
c:\users\simon\onedrive\documents\githublocal\gameengine\networkingexample\bulletphysics\battlefr.a0426d0c\x64\debug\imgui_impl_glfw.obj
c:\users\simon\onedrive\documents\githublocal\gameengine\networkingexample\bulletphysics\battlefr.a0426d0c\x64\debug\imgui_draw.obj
c:\users\simon\onedrive\documents\githublocal\gameengine\networkingexample\bulletphysics\battlefr.a0426d0c\x64\debug\imgui.obj
c:\users\simon\onedrive\documents\githublocal\gameengine\networkingexample\bulletphysics\battlefr.a0426d0c\x64\debug\geomipgrid.obj
c:\users\simon\onedrive\documents\githublocal\gameengine\networkingexample\bulletphysics\battlefr.a0426d0c\x64\debug\game.obj
c:\users\simon\onedrive\documents\githublocal\gameengine\networkingexample\bulletphysics\battlefr.a0426d0c\x64\debug\faultformationterrain.obj
c:\users\simon\onedrive\documents\githublocal\gameengine\networkingexample\bulletphysics\battlefr.a0426d0c\x64\debug\camera.obj
c:\users\simon\onedrive\documents\githublocal\gameengine\networkingexample\bulletphysics\battlefr.a0426d0c\x64\debug\boundingsphere.obj
c:\users\simon\onedrive\documents\githublocal\gameengine\networkingexample\bulletphysics\battlefr.a0426d0c\x64\debug\assimp_sandbox.obj
c:\users\simon\onedrive\documents\githublocal\gameengine\networkingexample\bulletphysics\battlefr.a0426d0c\x64\debug\aabb.obj
c:\users\simon\onedrive\documents\githublocal\gameengine\networkingexample\bulletphysics\battlefr.a0426d0c\x64\debug\physicsengine.obj
c:\users\simon\onedrive\documents\githublocal\gameengine\networkingexample\bulletphysics\battlefr.a0426d0c\x64\debug\objecttechnique.obj
c:\users\simon\onedrive\documents\githublocal\gameengine\networkingexample\bulletphysics\battlefr.a0426d0c\x64\debug\collider.obj
c:\users\simon\onedrive\documents\githublocal\gameengine\networkingexample\bulletphysics\battlefr.a0426d0c\x64\debug\lightweightcube.obj
c:\users\simon\onedrive\documents\githublocal\gameengine\networkingexample\bulletphysics\battlefr.a0426d0c\x64\debug\cube.obj
c:\users\simon\onedrive\documents\githublocal\gameengine\networkingexample\bulletphysics\battlefr.a0426d0c\x64\debug\trianglelist.obj
c:\users\simon\onedrive\documents\githublocal\gameengine\networkingexample\bulletphysics\battlefr.a0426d0c\x64\debug\texturegenerator.obj
c:\users\simon\onedrive\documents\githublocal\gameengine\networkingexample\bulletphysics\battlefr.a0426d0c\x64\debug\texture.obj
c:\users\simon\onedrive\documents\githublocal\gameengine\networkingexample\bulletphysics\battlefr.a0426d0c\x64\debug\terraintehnique.obj
c:\users\simon\onedrive\documents\githublocal\gameengine\networkingexample\bulletphysics\battlefr.a0426d0c\x64\debug\baseterrain.obj
c:\users\simon\onedrive\documents\githublocal\gameengine\networkingexample\bulletphysics\battlefr.a0426d0c\x64\debug\technique.obj
c:\users\simon\onedrive\documents\githublocal\gameengine\networkingexample\bulletphysics\battlefr.a0426d0c\x64\debug\skinnedmesh.obj
c:\users\simon\onedrive\documents\githublocal\gameengine\networkingexample\bulletphysics\battlefr.a0426d0c\x64\debug\singletexterraintechnique.obj
c:\users\simon\onedrive\documents\githublocal\gameengine\networkingexample\bulletphysics\battlefr.a0426d0c\x64\debug\renderer.obj
c:\users\simon\onedrive\documents\githublocal\gameengine\networkingexample\bulletphysics\battlefr.a0426d0c\x64\debug\plane.obj
c:\users\simon\onedrive\documents\githublocal\gameengine\networkingexample\bulletphysics\battlefr.a0426d0c\x64\debug\physicsobjectcomponent.obj
c:\users\simon\onedrive\documents\githublocal\gameengine\networkingexample\bulletphysics\battlefr.a0426d0c\x64\debug\physicsobject.obj
c:\users\simon\onedrive\documents\githublocal\gameengine\networkingexample\bulletphysics\battlefr.a0426d0c\x64\debug\midpointdispterrain.obj
c:\users\simon\onedrive\documents\githublocal\gameengine\networkingexample\bulletphysics\battlefr.a0426d0c\x64\debug\mesh.obj
c:\users\simon\onedrive\documents\githublocal\gameengine\networkingexample\bulletphysics\battlefr.a0426d0c\x64\debug\math.obj
c:\users\simon\onedrive\documents\githublocal\gameengine\networkingexample\bulletphysics\battlefr.a0426d0c\x64\debug\main.obj
c:\users\simon\onedrive\documents\githublocal\gameengine\bulletphysics\x64\debug\battlefrontremake.exe
c:\users\simon\onedrive\documents\githublocal\gameengine\bulletphysics\x64\debug\battlefrontremake.pdb
c:\users\simon\onedrive\documents\githublocal\gameengine\networkingexample\bulletphysics\x64\debug\battlefrontremake.exe
c:\users\simon\onedrive\documents\githublocal\gameengine\networkingexample\bulletphysics\x64\debug\battlefrontremake.pdb
c:\users\simon\onedrive\documents\githublocal\gameengine\networkingexample\bulletphysics\battlefr.a0426d0c\x64\debug\battlefrontremake.ilk
c:\users\simon\onedrive\documents\githublocal\gameengine\networkingexample\bulletphysics\battlefr.a0426d0c\x64\debug\battlefrontremake.vcxproj.cppwinrt_comp.rsp
c:\users\simon\onedrive\documents\githublocal\gameengine\networkingexample\bulletphysics\battlefr.a0426d0c\x64\debug\battlefrontremake.vcxproj.cppwinrt_plat.rsp
c:\users\simon\onedrive\documents\githublocal\gameengine\networkingexample\bulletphysics\battlefr.a0426d0c\x64\debug\battlefrontremake.vcxproj.mdmerge.rsp
c:\users\simon\onedrive\documents\githublocal\gameengine\networkingexample\bulletphysics\battlefr.a0426d0c\x64\debug\battlefrontremake.vcxproj.midlrt.rsp
c:\users\simon\onedrive\documents\githublocal\gameengine\networkingexample\bulletphysics\battlefr.a0426d0c\x64\debug\battlefr.a0426d0c.tlog\cl.command.1.tlog
c:\users\simon\onedrive\documents\githublocal\gameengine\networkingexample\bulletphysics\battlefr.a0426d0c\x64\debug\battlefr.a0426d0c.tlog\cl.items.tlog
c:\users\simon\onedrive\documents\githublocal\gameengine\networkingexample\bulletphysics\battlefr.a0426d0c\x64\debug\battlefr.a0426d0c.tlog\cl.read.1.tlog
c:\users\simon\onedrive\documents\githublocal\gameengine\networkingexample\bulletphysics\battlefr.a0426d0c\x64\debug\battlefr.a0426d0c.tlog\cl.write.1.tlog
c:\users\simon\onedrive\documents\githublocal\gameengine\networkingexample\bulletphysics\battlefr.a0426d0c\x64\debug\battlefr.a0426d0c.tlog\link.command.1.tlog
c:\users\simon\onedrive\documents\githublocal\gameengine\networkingexample\bulletphysics\battlefr.a0426d0c\x64\debug\battlefr.a0426d0c.tlog\link.read.1.tlog
c:\users\simon\onedrive\documents\githublocal\gameengine\networkingexample\bulletphysics\battlefr.a0426d0c\x64\debug\battlefr.a0426d0c.tlog\link.secondary.1.tlog
c:\users\simon\onedrive\documents\githublocal\gameengine\networkingexample\bulletphysics\battlefr.a0426d0c\x64\debug\battlefr.a0426d0c.tlog\link.write.1.tlog
